2026-05-23 08:45:17 [[1m[96m[INFO][0m] Running fail-fast prerequisite check...
2026-05-23 08:45:17 [[1m[96m[INFO][0m] Scanning system information...
2026-05-23 08:45:17 [[1m[96m[INFO][0m] ✓ OS: fedora 44
2026-05-23 08:45:17 [[1m[96m[INFO][0m] ✓ Package manager: dnf
2026-05-23 08:45:17 [[1m[96m[INFO][0m] Checking critical build tools...
2026-05-23 08:45:17 [[1m[96m[INFO][0m] ✓ git             git version 2.54.0
2026-05-23 08:45:17 [[1m[96m[INFO][0m] ✓ gcc             gcc (GCC) 16.1.1 20260515 (Red Hat 16.1.1-2)
2026-05-23 08:45:17 [[1m[96m[INFO][0m] ✓ make            GNU Make 4.4.1
2026-05-23 08:45:17 [[1m[96m[INFO][0m] ✓ python3.14      Python 3.14.4
2026-05-23 08:45:17 [[1m[96m[INFO][0m] Checking FPGA toolchain...
2026-05-23 08:45:17 [[1m[96m[INFO][0m] ✓ arm-none-eabi-gcc    arm-none-eabi-gcc (Fedora 15.2.0-4.fc44) 15.2.0
2026-05-23 08:45:17 [[1m[96m[INFO][0m] ✓ rustc                rustc 1.95.0 (59807616e 2026-04-14)
2026-05-23 08:45:17 [[1m[96m[INFO][0m] Checking OSS CAD Suite (gateware toolchain)...
2026-05-23 08:45:17 [[1m[96m[INFO][0m] ✓ OSS CAD Suite Yosys 0.65+57 (git sha1 9d0cdb855, clang++ 18.1.8 
2026-05-23 08:45:17 [[1m[96m[INFO][0m] ✓ System prerequisites check PASSED
2026-05-23 08:45:17 [[1m[96m[INFO][0m] Repos directory: /home/dan/git/awtoau
2026-05-23 08:45:17 [[1m[96m[INFO][0m] Pulling awto-apollo...
2026-05-23 08:45:18 [[1m[96m[INFO][0m] ✓ awto-apollo
2026-05-23 08:45:18 [[1m[96m[INFO][0m] Initializing submodules in awto-apollo...
2026-05-23 08:45:18 [[1m[96m[INFO][0m] ✓ Submodules initialized
2026-05-23 08:45:18 [[1m[96m[INFO][0m] Pulling awto-cynthion...
2026-05-23 08:45:19 [[1m[96m[INFO][0m] ✓ awto-cynthion
2026-05-23 08:45:19 [[1m[96m[INFO][0m] Initializing submodules in awto-cynthion...
2026-05-23 08:45:19 [[1m[96m[INFO][0m] ✓ Submodules initialized
2026-05-23 08:45:19 [[1m[93m[WARNING][0m] Skipping optional awto-luna
2026-05-23 08:45:19 [[1m[93m[WARNING][0m] Skipping optional awto-facedancer
2026-05-23 08:45:19 [[1m[96m[INFO][0m] ✓ Yosys: Yosys 0.65+57 (git sha1 9d0cdb855, clang++ 18.1.8 -fPIC -O3)
2026-05-23 08:45:19 [[1m[96m[INFO][0m] ✓ nextpnr-ecp5: 
2026-05-23 08:45:19 [[1m[96m[INFO][0m] ✓ Python 3.14.4
2026-05-23 08:45:19 [[1m[96m[INFO][0m] Installing cynthion package (editable)...
2026-05-23 08:45:21 [[1m[96m[INFO][0m] ✓ cynthion package installed
2026-05-23 08:45:21 [[1m[96m[INFO][0m] Running 2 parallel build threads...
2026-05-23 08:45:21 [[1m[96m[INFO][0m] Getting dependencies (TinyUSB, etc)...
2026-05-23 08:45:21 [[1m[96m[INFO][0m] Building release...
2026-05-23 08:45:21 [[1m[96m[INFO][0m] ✓ moondancer firmware built successfully
2026-05-23 08:45:21 [[1m[96m[INFO][0m] ✓ moondancer Firmware
2026-05-23 08:45:21 [[1m[96m[INFO][0m] Elaborating analyzer gateware...
2026-05-23 08:45:21 [[1m[96m[INFO][0m] Cleaning previous build artifacts...
2026-05-23 08:45:21 [[1m[96m[INFO][0m] Building Apollo firmware...
2026-05-23 08:45:25 [[1m[96m[INFO][0m] ✓ Apollo firmware built successfully
2026-05-23 08:45:25 [[1m[96m[INFO][0m] Elaborating facedancer gateware...
2026-05-23 08:45:25 [[1m[96m[INFO][0m] ✓ Apollo Firmware
2026-05-23 08:45:25 [[1m[91m[ERROR][0m] Facedancer gateware elaboration failed with exit code 1
2026-05-23 08:45:25 [[1m[91m[ERROR][0m] Known issue: luna_soc SPIflash controller has incompatible Field definition
2026-05-23 08:45:25 [[1m[91m[ERROR][0m] Probable cause: Facedancer uses SPIflash but current luna_soc version is broken
2026-05-23 08:45:25 [[1m[91m[ERROR][0m] Workaround: Try analyzer-only build without SPIflash
2026-05-23 08:45:25 [[1m[96m[INFO][0m] ✗ Facedancer Gateware
2026-05-23 08:45:37 [[1m[96m[INFO][0m] ✓ Analyzer gateware elaborated successfully
2026-05-23 08:45:37 [[1m[96m[INFO][0m] ✓ Analyzer Gateware
2026-05-23 08:45:37 [[1m[96m[INFO][0m] Parallel builds completed in 0.0s
2026-05-23 08:45:37 [[1m[96m[INFO][0m] Results: 3/4 builds successful
2026-05-23 08:45:37 [[1m[91m[ERROR][0m] ✗ Some builds failed
